# JRE version: Java(TM) SE Runtime Environment (8.0_66-b17) (build 1.8.0_66-b17)
# Java VM: Java HotSpot(TM) 64-Bit Server VM (25.66-b17 mixed mode windows-amd64 compressed oops)
Heap:
 PSYoungGen      total 38400K, used 9540K [0x00000000d5e00000, 0x00000000d8880000, 0x0000000100000000)
  eden space 33280K, 13% used [0x00000000d5e00000,0x00000000d6251ee8,0x00000000d7e80000)
  from space 5120K, 99% used [0x00000000d7e80000,0x00000000d837f2f0,0x00000000d8380000)
  to   space 5120K, 0% used [0x00000000d8380000,0x00000000d8380000,0x00000000d8880000)
 ParOldGen       total 71168K, used 13406K [0x0000000081a00000, 0x0000000085f80000, 0x00000000d5e00000)
  object space 71168K, 18% used [0x0000000081a00000,0x0000000082717ba0,0x0000000085f80000)
 Metaspace       used 26822K, capacity 27734K, committed 28160K, reserved 1073152K
  class space    used 3840K, capacity 4035K, committed 4096K, reserved 1048576K
GC Heap History (8 events):
Event: 1.073 GC heap before
{Heap before GC invocations=1 (full 0):
 PSYoungGen      total 38400K, used 33280K [0x00000000d5e00000, 0x00000000d8880000, 0x0000000100000000)
  eden space 33280K, 100% used [0x00000000d5e00000,0x00000000d7e80000,0x00000000d7e80000)
  from space 5120K, 0% used [0x00000000d8380000,0x00000000d8380000,0x00000000d8880000)
  to   space 5120K, 0% used [0x00000000d7e80000,0x00000000d7e80000,0x00000000d8380000)
 ParOldGen       total 87552K, used 0K [0x0000000081a00000, 0x0000000086f80000, 0x00000000d5e00000)
  object space 87552K, 0% used [0x0000000081a00000,0x0000000081a00000,0x0000000086f80000)
 Metaspace       used 14253K, capacity 14744K, committed 15104K, reserved 1062912K
  class space    used 2030K, capacity 2183K, committed 2304K, reserved 1048576K
Event: 1.080 GC heap after
Heap after GC invocations=1 (full 0):
 PSYoungGen      total 38400K, used 5096K [0x00000000d5e00000, 0x00000000d8880000, 0x0000000100000000)
  eden space 33280K, 0% used [0x00000000d5e00000,0x00000000d5e00000,0x00000000d7e80000)
  from space 5120K, 99% used [0x00000000d7e80000,0x00000000d837a060,0x00000000d8380000)
  to   space 5120K, 0% used [0x00000000d8380000,0x00000000d8380000,0x00000000d8880000)
 ParOldGen       total 87552K, used 265K [0x0000000081a00000, 0x0000000086f80000, 0x00000000d5e00000)
  object space 87552K, 0% used [0x0000000081a00000,0x0000000081a42770,0x0000000086f80000)
 Metaspace       used 14253K, capacity 14744K, committed 15104K, reserved 1062912K
  class space    used 2030K, capacity 2183K, committed 2304K, reserved 1048576K
}
Event: 4.419 GC heap before
{Heap before GC invocations=2 (full 0):
 PSYoungGen      total 38400K, used 18932K [0x00000000d5e00000, 0x00000000d8880000, 0x0000000100000000)
  eden space 33280K, 41% used [0x00000000d5e00000,0x00000000d6b82fd8,0x00000000d7e80000)
  from space 5120K, 99% used [0x00000000d7e80000,0x00000000d837a060,0x00000000d8380000)
  to   space 5120K, 0% used [0x00000000d8380000,0x00000000d8380000,0x00000000d8880000)
 ParOldGen       total 87552K, used 265K [0x0000000081a00000, 0x0000000086f80000, 0x00000000d5e00000)
  object space 87552K, 0% used [0x0000000081a00000,0x0000000081a42770,0x0000000086f80000)
 Metaspace       used 20391K, capacity 21208K, committed 21296K, reserved 1067008K
  class space    used 2978K, capacity 3178K, committed 3200K, reserved 1048576K
Event: 4.430 GC heap after
Heap after GC invocations=2 (full 0):
 PSYoungGen      total 38400K, used 5096K [0x00000000d5e00000, 0x00000000d8880000, 0x0000000100000000)
  eden space 33280K, 0% used [0x00000000d5e00000,0x00000000d5e00000,0x00000000d7e80000)
  from space 5120K, 99% used [0x00000000d8380000,0x00000000d887a050,0x00000000d8880000)
  to   space 5120K, 0% used [0x00000000d7e80000,0x00000000d7e80000,0x00000000d8380000)
 ParOldGen       total 87552K, used 6209K [0x0000000081a00000, 0x0000000086f80000, 0x00000000d5e00000)
  object space 87552K, 7% used [0x0000000081a00000,0x0000000082010680,0x0000000086f80000)
 Metaspace       used 20391K, capacity 21208K, committed 21296K, reserved 1067008K
  class space    used 2978K, capacity 3178K, committed 3200K, reserved 1048576K
}
Event: 4.430 GC heap before
{Heap before GC invocations=3 (full 1):
 PSYoungGen      total 38400K, used 5096K [0x00000000d5e00000, 0x00000000d8880000, 0x0000000100000000)
  eden space 33280K, 0% used [0x00000000d5e00000,0x00000000d5e00000,0x00000000d7e80000)
  from space 5120K, 99% used [0x00000000d8380000,0x00000000d887a050,0x00000000d8880000)
  to   space 5120K, 0% used [0x00000000d7e80000,0x00000000d7e80000,0x00000000d8380000)
 ParOldGen       total 87552K, used 6209K [0x0000000081a00000, 0x0000000086f80000, 0x00000000d5e00000)
  object space 87552K, 7% used [0x0000000081a00000,0x0000000082010680,0x0000000086f80000)
 Metaspace       used 20391K, capacity 21208K, committed 21296K, reserved 1067008K
  class space    used 2978K, capacity 3178K, committed 3200K, reserved 1048576K
Event: 4.464 GC heap after
Heap after GC invocations=3 (full 1):
 PSYoungGen      total 38400K, used 0K [0x00000000d5e00000, 0x00000000d8880000, 0x0000000100000000)
  eden space 33280K, 0% used [0x00000000d5e00000,0x00000000d5e00000,0x00000000d7e80000)
  from space 5120K, 0% used [0x00000000d8380000,0x00000000d8380000,0x00000000d8880000)
  to   space 5120K, 0% used [0x00000000d7e80000,0x00000000d7e80000,0x00000000d8380000)
 ParOldGen       total 71168K, used 9183K [0x0000000081a00000, 0x0000000085f80000, 0x00000000d5e00000)
  object space 71168K, 12% used [0x0000000081a00000,0x00000000822f7c80,0x0000000085f80000)
 Metaspace       used 20391K, capacity 21208K, committed 21296K, reserved 1067008K
  class space    used 2978K, capacity 3178K, committed 3200K, reserved 1048576K
}
Event: 165.701 GC heap before
{Heap before GC invocations=4 (full 1):
 PSYoungGen      total 38400K, used 33280K [0x00000000d5e00000, 0x00000000d8880000, 0x0000000100000000)
  eden space 33280K, 100% used [0x00000000d5e00000,0x00000000d7e80000,0x00000000d7e80000)
  from space 5120K, 0% used [0x00000000d8380000,0x00000000d8380000,0x00000000d8880000)
  to   space 5120K, 0% used [0x00000000d7e80000,0x00000000d7e80000,0x00000000d8380000)
 ParOldGen       total 71168K, used 9183K [0x0000000081a00000, 0x0000000085f80000, 0x00000000d5e00000)
  object space 71168K, 12% used [0x0000000081a00000,0x00000000822f7c80,0x0000000085f80000)
 Metaspace       used 26800K, capacity 27734K, committed 28160K, reserved 1073152K
  class space    used 3839K, capacity 4035K, committed 4096K, reserved 1048576K
Event: 165.733 GC heap after
Heap after GC invocations=4 (full 1):
 PSYoungGen      total 38400K, used 5116K [0x00000000d5e00000, 0x00000000d8880000, 0x0000000100000000)
  eden space 33280K, 0% used [0x00000000d5e00000,0x00000000d5e00000,0x00000000d7e80000)
  from space 5120K, 99% used [0x00000000d7e80000,0x00000000d837f2f0,0x00000000d8380000)
  to   space 5120K, 0% used [0x00000000d8380000,0x00000000d8380000,0x00000000d8880000)
 ParOldGen       total 71168K, used 13406K [0x0000000081a00000, 0x0000000085f80000, 0x00000000d5e00000)
  object space 71168K, 18% used [0x0000000081a00000,0x0000000082717ba0,0x0000000085f80000)
 Metaspace       used 26800K, capacity 27734K, committed 28160K, reserved 1073152K
  class space    used 3839K, capacity 4035K, committed 4096K, reserved 1048576K
}

